<?xml version="1.0" encoding="UTF-8"?>
<!-- Generated by org.testng.reporters.JUnitXMLReporter -->
<testsuite ignored="1" hostname="LAPTOP-0J5OQKDH" failures="0" tests="5" name="Test" time="21.629" errors="0" timestamp="2022-08-12T08:03:57 IST">
  <testcase classname="com.Testng.Browser_launch" name="Google" time="4.815"/>
  <testcase classname="com.Testng.Browser_launch" name="email" time="2.935"/>
  <testcase classname="com.Testng.Browser_launch" name="yahoo" time="6.352"/>
  <testcase classname="com.Testng.Browser_launch" name="outlook" time="2.613"/>
  <testcase classname="com.Testng.Browser_launch" name="microsoft" time="4.86"/>
  <testcase classname="com.Testng.Browser_launch" name="edge" time="0.0">
    <ignored/>
  </testcase> <!-- edge -->
</testsuite> <!-- Test -->
