<?xml version="1.0" encoding="UTF-8"?>
<!-- Generated by org.testng.reporters.JUnitXMLReporter -->
<testsuite ignored="1" hostname="LAPTOP-0J5OQKDH" failures="0" tests="3" name="Test1" time="0.006" errors="0" timestamp="2022-08-12T08:03:57 IST">
  <testcase classname="com.Testng.Ignore_test" name="Agriculure" time="0.001"/>
  <testcase classname="com.Testng.Ignore_test" name="Banking" time="0.0"/>
  <testcase classname="com.Testng.Ignore_test" name="Powersector" time="0.001"/>
  <testcase classname="com.Testng.Ignore_test" name="Railways" time="0.0">
    <ignored/>
  </testcase> <!-- Railways -->
</testsuite> <!-- Test1 -->
