<?xml version="1.0" encoding="UTF-8"?>
<testng-results ignored="0" total="1" passed="1" failed="0" skipped="0">
  <reporter-output>
  </reporter-output>
  <suite started-at="2022-08-25T14:38:02 IST" name="Default suite" finished-at="2022-08-25T14:38:32 IST" duration-ms="30243">
    <groups>
    </groups>
    <test started-at="2022-08-25T14:38:02 IST" name="Default test" finished-at="2022-08-25T14:38:32 IST" duration-ms="30243">
      <class name="Testcase.LoginTestcase">
        <test-method signature="Browser_launch()[pri:0, instance:Testcase.LoginTestcase@506ae4d4]" started-at="2022-08-25T14:38:02 IST" name="Browser_launch" finished-at="2022-08-25T14:38:32 IST" duration-ms="30163" status="PASS">
          <reporter-output>
          </reporter-output>
        </test-method> <!-- Browser_launch -->
      </class> <!-- Testcase.LoginTestcase -->
    </test> <!-- Default test -->
  </suite> <!-- Default suite -->
</testng-results>
